<html>
<head>
<title>TestNG:  LoginPageTest</title>
<link href="../testng.css" rel="stylesheet" type="text/css" />
<link href="../my-testng.css" rel="stylesheet" type="text/css" />

<style type="text/css">
.log { display: none;} 
.stack-trace { display: none;} 
</style>
<script type="text/javascript">
<!--
function flip(e) {
  current = e.style.display;
  if (current == 'block') {
    e.style.display = 'none';
    return 0;
  }
  else {
    e.style.display = 'block';
    return 1;
  }
}

function toggleBox(szDivId, elem, msg1, msg2)
{
  var res = -1;  if (document.getElementById) {
    res = flip(document.getElementById(szDivId));
  }
  else if (document.all) {
    // this is the way old msie versions work
    res = flip(document.all[szDivId]);
  }
  if(elem) {
    if(res == 0) elem.innerHTML = msg1; else elem.innerHTML = msg2;
  }

}

function toggleAllBoxes() {
  if (document.getElementsByTagName) {
    d = document.getElementsByTagName('div');
    for (i = 0; i < d.length; i++) {
      if (d[i].className == 'log') {
        flip(d[i]);
      }
    }
  }
}

// -->
</script>

</head>
<body>
<h2 align='center'>LoginPageTest</h2><table border='1' align="center">
<tr>
<td>Tests passed/Failed/Skipped:</td><td>4/0/0</td>
</tr><tr>
<td>Started on:</td><td>Tue Jul 28 12:33:43 IST 2020</td>
</tr>
<tr><td>Total time:</td><td>256 seconds (256185 ms)</td>
</tr><tr>
<td>Included groups:</td><td></td>
</tr><tr>
<td>Excluded groups:</td><td></td>
</tr>
</table><p/>
<small><i>(Hover the method name to see the test class name)</i></small><p/>
<table width='100%' border='1' class='invocation-passed'>
<tr><td colspan='4' align='center'><b>PASSED TESTS</b></td></tr>
<tr><td><b>Test method</b></td>
<td width="30%"><b>Exception</b></td>
<td width="10%"><b>Time (seconds)</b></td>
<td><b>Instance</b></td>
</tr>
<tr>
<td title='com.crm.qa.testcases.LaunchPageTest.companyLogoDisplayTest()'><b>companyLogoDisplayTest</b><br>Test class: com.crm.qa.testcases.LaunchPageTest</td>
<td></td>
<td>2</td>
<td>com.crm.qa.testcases.LaunchPageTest@e50a6f6</td></tr>
<tr>
<td title='com.crm.qa.testcases.LaunchPageTest.companyTelephoneDisplayTest()'><b>companyTelephoneDisplayTest</b><br>Test class: com.crm.qa.testcases.LaunchPageTest</td>
<td></td>
<td>3</td>
<td>com.crm.qa.testcases.LaunchPageTest@e50a6f6</td></tr>
<tr>
<td title='com.crm.qa.testcases.NewContactPageTest.createNewContactTest()'><b>createNewContactTest</b><br>Test class: com.crm.qa.testcases.NewContactPageTest<br>Parameters: Alok, Kr, Sharma</td>
<td></td>
<td>81</td>
<td>com.crm.qa.testcases.NewContactPageTest@45b9a632</td></tr>
<tr>
<td title='com.crm.qa.testcases.NewContactPageTest.createNewContactTest()'><b>createNewContactTest</b><br>Test class: com.crm.qa.testcases.NewContactPageTest<br>Parameters: Punit, Raj, Pandit</td>
<td></td>
<td>78</td>
<td>com.crm.qa.testcases.NewContactPageTest@45b9a632</td></tr>
<tr>
<td title='com.crm.qa.testcases.NewContactPageTest.createNewContactTest()'><b>createNewContactTest</b><br>Test class: com.crm.qa.testcases.NewContactPageTest<br>Parameters: Lokesh, Dev, Burman</td>
<td></td>
<td>68</td>
<td>com.crm.qa.testcases.NewContactPageTest@45b9a632</td></tr>
<tr>
<td title='com.crm.qa.testcases.LoginPageTest.customerLoginTest()'><b>customerLoginTest</b><br>Test class: com.crm.qa.testcases.LoginPageTest</td>
<td></td>
<td>27</td>
<td>com.crm.qa.testcases.LoginPageTest@61230f6a</td></tr>
<tr>
<td title='com.crm.qa.testcases.LaunchPageTest.launchPageTitleTest()'><b>launchPageTitleTest</b><br>Test class: com.crm.qa.testcases.LaunchPageTest</td>
<td></td>
<td>0</td>
<td>com.crm.qa.testcases.LaunchPageTest@e50a6f6</td></tr>
<tr>
<td title='com.crm.qa.testcases.LaunchPageTest.launchPageUrlTest()'><b>launchPageUrlTest</b><br>Test class: com.crm.qa.testcases.LaunchPageTest</td>
<td></td>
<td>1</td>
<td>com.crm.qa.testcases.LaunchPageTest@e50a6f6</td></tr>
<tr>
<td title='com.crm.qa.testcases.LaunchPageTest.loginPageLinkTest()'><b>loginPageLinkTest</b><br>Test class: com.crm.qa.testcases.LaunchPageTest</td>
<td></td>
<td>23</td>
<td>com.crm.qa.testcases.LaunchPageTest@e50a6f6</td></tr>
<tr>
<td title='com.crm.qa.testcases.LoginPageTest.loginPageTitleTest()'><b>loginPageTitleTest</b><br>Test class: com.crm.qa.testcases.LoginPageTest</td>
<td></td>
<td>53</td>
<td>com.crm.qa.testcases.LoginPageTest@61230f6a</td></tr>
<tr>
<td title='com.crm.qa.testcases.LoginPageTest.loginPageUrlTest()'><b>loginPageUrlTest</b><br>Test class: com.crm.qa.testcases.LoginPageTest</td>
<td></td>
<td>15</td>
<td>com.crm.qa.testcases.LoginPageTest@61230f6a</td></tr>
<tr>
<td title='com.crm.qa.testcases.NewContactPageTest.newContactPageLabelTest()'><b>newContactPageLabelTest</b><br>Test class: com.crm.qa.testcases.NewContactPageTest</td>
<td></td>
<td>33</td>
<td>com.crm.qa.testcases.NewContactPageTest@45b9a632</td></tr>
<tr>
<td title='com.crm.qa.testcases.NewContactPageTest.newContactPageTitleTest()'><b>newContactPageTitleTest</b><br>Test class: com.crm.qa.testcases.NewContactPageTest</td>
<td></td>
<td>34</td>
<td>com.crm.qa.testcases.NewContactPageTest@45b9a632</td></tr>
<tr>
<td title='com.crm.qa.testcases.NewContactPageTest.newContactPageUrlTest()'><b>newContactPageUrlTest</b><br>Test class: com.crm.qa.testcases.NewContactPageTest</td>
<td></td>
<td>67</td>
<td>com.crm.qa.testcases.NewContactPageTest@45b9a632</td></tr>
<tr>
<td title='com.crm.qa.testcases.LaunchPageTest.signUpPageLinkTest()'><b>signUpPageLinkTest</b><br>Test class: com.crm.qa.testcases.LaunchPageTest</td>
<td></td>
<td>11</td>
<td>com.crm.qa.testcases.LaunchPageTest@e50a6f6</td></tr>
<tr>
<td title='com.crm.qa.testcases.LoginPageTest.validateResetPasswordPageLinkTest()'><b>validateResetPasswordPageLinkTest</b><br>Test class: com.crm.qa.testcases.LoginPageTest</td>
<td></td>
<td>21</td>
<td>com.crm.qa.testcases.LoginPageTest@61230f6a</td></tr>
</table><p>
<table width='100%' border='1' class='invocation-skipped'>
<tr><td colspan='4' align='center'><b>SKIPPED TESTS</b></td></tr>
<tr><td><b>Test method</b></td>
<td width="30%"><b>Exception</b></td>
<td width="10%"><b>Time (seconds)</b></td>
<td><b>Instance</b></td>
</tr>
<tr>
<td title='com.crm.qa.testcases.NewContactPageTest.createNewContactTest()'><b>createNewContactTest</b><br>Test class: com.crm.qa.testcases.NewContactPageTest<br>Parameters: Alok, Kr, Sharma</td>
<td><div><pre>org.openqa.selenium.TimeoutException: Expected condition failed: waiting for presence of any elements located by By.xpath: //input[@name=&apos;first_name&apos;] (tried for 40 second(s) with 500 milliseconds interval)
Build info: version: &apos;3.141.59&apos;, revision: &apos;e82be7d358&apos;, time: &apos;2018-11-14T08:17:03&apos;
System info: host: &apos;BDC4-L-61062ND&apos;, ip: &apos;192.168.0.86&apos;, os.name: &apos;Windows 10&apos;, os.arch: &apos;amd64&apos;, os.version: &apos;10.0&apos;, java.version: &apos;1.8.0_251&apos;
Driver info: org.openqa.selenium.support.events.EventFiringWebDriver
Capabilities {acceptInsecureCerts: false, browserName: chrome, browserVersion: 84.0.4147.89, chrome: {chromedriverVersion: 84.0.4147.30 (48b3e868b4cc0..., userDataDir: C:\Users\AKSHAY~1.SIN\AppDa...}, goog:chromeOptions: {debuggerAddress: localhost:58563}, javascriptEnabled: true, networkConnectionEnabled: false, pageLoadStrategy: normal, platform: WINDOWS, platformName: WINDOWS, proxy: Proxy(), setWindowRect: true, strictFileInteractability: false, timeouts: {implicit: 0, pageLoad: 300000, script: 30000}, unhandledPromptBehavior: dismiss and notify, webauthn:virtualAuthenticators: true}
Session ID: aeb32e0a446bd15422ed05aafc842aec
	at org.openqa.selenium.support.ui.WebDriverWait.timeoutException(WebDriverWait.java:95)
	at org.openqa.selenium.support.ui.FluentWait.until(FluentWait.java:272)
	at com.crm.qa.pages.BasePage.waitForElementVisibility(BasePage.java:27)
	at com.crm.qa.pages.BasePage.populateField(BasePage.java:47)
	at com.crm.qa.pages.NewContactPage.createNewContact(NewContactPage.java:36)
	at com.crm.qa.testcases.NewContactPageTest.createNewContactTest(NewContactPageTest.java:69)
	at java.util.ArrayList.forEach(Unknown Source)
	at java.util.concurrent.FutureTask.run(Unknown Source)
	at java.util.concurrent.ThreadPoolExecutor.runWorker(Unknown Source)
	at java.util.concurrent.ThreadPoolExecutor$Worker.run(Unknown Source)
	at java.lang.Thread.run(Unknown Source)
... Removed 18 stack frames</pre></div><a href='#' onClick='toggleBox("stack-trace753888350", this, "Click to show all stack frames", "Click to hide stack frames")'>Click to show all stack frames</a>
<div class='stack-trace' id='stack-trace753888350'><pre>org.openqa.selenium.TimeoutException: Expected condition failed: waiting for presence of any elements located by By.xpath: //input[@name=&apos;first_name&apos;] (tried for 40 second(s) with 500 milliseconds interval)
Build info: version: &apos;3.141.59&apos;, revision: &apos;e82be7d358&apos;, time: &apos;2018-11-14T08:17:03&apos;
System info: host: &apos;BDC4-L-61062ND&apos;, ip: &apos;192.168.0.86&apos;, os.name: &apos;Windows 10&apos;, os.arch: &apos;amd64&apos;, os.version: &apos;10.0&apos;, java.version: &apos;1.8.0_251&apos;
Driver info: org.openqa.selenium.support.events.EventFiringWebDriver
Capabilities {acceptInsecureCerts: false, browserName: chrome, browserVersion: 84.0.4147.89, chrome: {chromedriverVersion: 84.0.4147.30 (48b3e868b4cc0..., userDataDir: C:\Users\AKSHAY~1.SIN\AppDa...}, goog:chromeOptions: {debuggerAddress: localhost:58563}, javascriptEnabled: true, networkConnectionEnabled: false, pageLoadStrategy: normal, platform: WINDOWS, platformName: WINDOWS, proxy: Proxy(), setWindowRect: true, strictFileInteractability: false, timeouts: {implicit: 0, pageLoad: 300000, script: 30000}, unhandledPromptBehavior: dismiss and notify, webauthn:virtualAuthenticators: true}
Session ID: aeb32e0a446bd15422ed05aafc842aec
	at org.openqa.selenium.support.ui.WebDriverWait.timeoutException(WebDriverWait.java:95)
	at org.openqa.selenium.support.ui.FluentWait.until(FluentWait.java:272)
	at com.crm.qa.pages.BasePage.waitForElementVisibility(BasePage.java:27)
	at com.crm.qa.pages.BasePage.populateField(BasePage.java:47)
	at com.crm.qa.pages.NewContactPage.createNewContact(NewContactPage.java:36)
	at com.crm.qa.testcases.NewContactPageTest.createNewContactTest(NewContactPageTest.java:69)
	at sun.reflect.NativeMethodAccessorImpl.invoke0(Native Method)
	at sun.reflect.NativeMethodAccessorImpl.invoke(Unknown Source)
	at sun.reflect.DelegatingMethodAccessorImpl.invoke(Unknown Source)
	at java.lang.reflect.Method.invoke(Unknown Source)
	at org.testng.internal.MethodInvocationHelper.invokeMethod(MethodInvocationHelper.java:134)
	at org.testng.internal.TestInvoker.invokeMethod(TestInvoker.java:597)
	at org.testng.internal.TestInvoker.invokeTestMethod(TestInvoker.java:173)
	at org.testng.internal.MethodRunner.runInSequence(MethodRunner.java:46)
	at org.testng.internal.TestInvoker$MethodInvocationAgent.invoke(TestInvoker.java:816)
	at org.testng.internal.TestInvoker.invokeTestMethods(TestInvoker.java:146)
	at org.testng.internal.TestMethodWorker.invokeTestMethods(TestMethodWorker.java:146)
	at org.testng.internal.TestMethodWorker.run(TestMethodWorker.java:128)
	at java.util.ArrayList.forEach(Unknown Source)
	at org.testng.TestRunner.privateRun(TestRunner.java:766)
	at org.testng.TestRunner.run(TestRunner.java:587)
	at org.testng.SuiteRunner.runTest(SuiteRunner.java:384)
	at org.testng.SuiteRunner.access$000(SuiteRunner.java:28)
	at org.testng.SuiteRunner$SuiteWorker.run(SuiteRunner.java:425)
	at org.testng.internal.thread.ThreadUtil.lambda$execute$0(ThreadUtil.java:68)
	at java.util.concurrent.FutureTask.run(Unknown Source)
	at java.util.concurrent.ThreadPoolExecutor.runWorker(Unknown Source)
	at java.util.concurrent.ThreadPoolExecutor$Worker.run(Unknown Source)
	at java.lang.Thread.run(Unknown Source)
</pre></div></td>
<td>70</td>
<td>com.crm.qa.testcases.NewContactPageTest@45b9a632</td></tr>
<tr>
<td title='com.crm.qa.testcases.NewContactPageTest.createNewContactTest()'><b>createNewContactTest</b><br>Test class: com.crm.qa.testcases.NewContactPageTest<br>Parameters: Punit, Raj, Pandit</td>
<td><div><pre>org.openqa.selenium.TimeoutException: Expected condition failed: waiting for presence of any elements located by By.xpath: //input[@name=&apos;first_name&apos;] (tried for 40 second(s) with 500 milliseconds interval)
Build info: version: &apos;3.141.59&apos;, revision: &apos;e82be7d358&apos;, time: &apos;2018-11-14T08:17:03&apos;
System info: host: &apos;BDC4-L-61062ND&apos;, ip: &apos;192.168.0.86&apos;, os.name: &apos;Windows 10&apos;, os.arch: &apos;amd64&apos;, os.version: &apos;10.0&apos;, java.version: &apos;1.8.0_251&apos;
Driver info: org.openqa.selenium.support.events.EventFiringWebDriver
Capabilities {acceptInsecureCerts: false, browserName: chrome, browserVersion: 84.0.4147.89, chrome: {chromedriverVersion: 84.0.4147.30 (48b3e868b4cc0..., userDataDir: C:\Users\AKSHAY~1.SIN\AppDa...}, goog:chromeOptions: {debuggerAddress: localhost:59130}, javascriptEnabled: true, networkConnectionEnabled: false, pageLoadStrategy: normal, platform: WINDOWS, platformName: WINDOWS, proxy: Proxy(), setWindowRect: true, strictFileInteractability: false, timeouts: {implicit: 0, pageLoad: 300000, script: 30000}, unhandledPromptBehavior: dismiss and notify, webauthn:virtualAuthenticators: true}
Session ID: eec0c1ff01fed071eb8e2958fd6b5e8e
	at org.openqa.selenium.support.ui.WebDriverWait.timeoutException(WebDriverWait.java:95)
	at org.openqa.selenium.support.ui.FluentWait.until(FluentWait.java:272)
	at com.crm.qa.pages.BasePage.waitForElementVisibility(BasePage.java:27)
	at com.crm.qa.pages.BasePage.populateField(BasePage.java:47)
	at com.crm.qa.pages.NewContactPage.createNewContact(NewContactPage.java:36)
	at com.crm.qa.testcases.NewContactPageTest.createNewContactTest(NewContactPageTest.java:69)
	at java.util.ArrayList.forEach(Unknown Source)
	at java.util.concurrent.FutureTask.run(Unknown Source)
	at java.util.concurrent.ThreadPoolExecutor.runWorker(Unknown Source)
	at java.util.concurrent.ThreadPoolExecutor$Worker.run(Unknown Source)
	at java.lang.Thread.run(Unknown Source)
... Removed 18 stack frames</pre></div><a href='#' onClick='toggleBox("stack-trace189968464", this, "Click to show all stack frames", "Click to hide stack frames")'>Click to show all stack frames</a>
<div class='stack-trace' id='stack-trace189968464'><pre>org.openqa.selenium.TimeoutException: Expected condition failed: waiting for presence of any elements located by By.xpath: //input[@name=&apos;first_name&apos;] (tried for 40 second(s) with 500 milliseconds interval)
Build info: version: &apos;3.141.59&apos;, revision: &apos;e82be7d358&apos;, time: &apos;2018-11-14T08:17:03&apos;
System info: host: &apos;BDC4-L-61062ND&apos;, ip: &apos;192.168.0.86&apos;, os.name: &apos;Windows 10&apos;, os.arch: &apos;amd64&apos;, os.version: &apos;10.0&apos;, java.version: &apos;1.8.0_251&apos;
Driver info: org.openqa.selenium.support.events.EventFiringWebDriver
Capabilities {acceptInsecureCerts: false, browserName: chrome, browserVersion: 84.0.4147.89, chrome: {chromedriverVersion: 84.0.4147.30 (48b3e868b4cc0..., userDataDir: C:\Users\AKSHAY~1.SIN\AppDa...}, goog:chromeOptions: {debuggerAddress: localhost:59130}, javascriptEnabled: true, networkConnectionEnabled: false, pageLoadStrategy: normal, platform: WINDOWS, platformName: WINDOWS, proxy: Proxy(), setWindowRect: true, strictFileInteractability: false, timeouts: {implicit: 0, pageLoad: 300000, script: 30000}, unhandledPromptBehavior: dismiss and notify, webauthn:virtualAuthenticators: true}
Session ID: eec0c1ff01fed071eb8e2958fd6b5e8e
	at org.openqa.selenium.support.ui.WebDriverWait.timeoutException(WebDriverWait.java:95)
	at org.openqa.selenium.support.ui.FluentWait.until(FluentWait.java:272)
	at com.crm.qa.pages.BasePage.waitForElementVisibility(BasePage.java:27)
	at com.crm.qa.pages.BasePage.populateField(BasePage.java:47)
	at com.crm.qa.pages.NewContactPage.createNewContact(NewContactPage.java:36)
	at com.crm.qa.testcases.NewContactPageTest.createNewContactTest(NewContactPageTest.java:69)
	at sun.reflect.NativeMethodAccessorImpl.invoke0(Native Method)
	at sun.reflect.NativeMethodAccessorImpl.invoke(Unknown Source)
	at sun.reflect.DelegatingMethodAccessorImpl.invoke(Unknown Source)
	at java.lang.reflect.Method.invoke(Unknown Source)
	at org.testng.internal.MethodInvocationHelper.invokeMethod(MethodInvocationHelper.java:134)
	at org.testng.internal.TestInvoker.invokeMethod(TestInvoker.java:597)
	at org.testng.internal.TestInvoker.invokeTestMethod(TestInvoker.java:173)
	at org.testng.internal.MethodRunner.runInSequence(MethodRunner.java:46)
	at org.testng.internal.TestInvoker$MethodInvocationAgent.invoke(TestInvoker.java:816)
	at org.testng.internal.TestInvoker.invokeTestMethods(TestInvoker.java:146)
	at org.testng.internal.TestMethodWorker.invokeTestMethods(TestMethodWorker.java:146)
	at org.testng.internal.TestMethodWorker.run(TestMethodWorker.java:128)
	at java.util.ArrayList.forEach(Unknown Source)
	at org.testng.TestRunner.privateRun(TestRunner.java:766)
	at org.testng.TestRunner.run(TestRunner.java:587)
	at org.testng.SuiteRunner.runTest(SuiteRunner.java:384)
	at org.testng.SuiteRunner.access$000(SuiteRunner.java:28)
	at org.testng.SuiteRunner$SuiteWorker.run(SuiteRunner.java:425)
	at org.testng.internal.thread.ThreadUtil.lambda$execute$0(ThreadUtil.java:68)
	at java.util.concurrent.FutureTask.run(Unknown Source)
	at java.util.concurrent.ThreadPoolExecutor.runWorker(Unknown Source)
	at java.util.concurrent.ThreadPoolExecutor$Worker.run(Unknown Source)
	at java.lang.Thread.run(Unknown Source)
</pre></div></td>
<td>66</td>
<td>com.crm.qa.testcases.NewContactPageTest@45b9a632</td></tr>
</table><p>
</body>
</html>